[0]
[1] H4FN90 S4AL92
[2]
[3] ADAL90
[4] FYVI95
[5]
[6]
[7]
[8]
[9] ROVI88
[10] X!DK89
[11] YYIN87
[12]
[13]
[14] ICDK90
[15] HANE90
[16]
[17] UNEV89
[18]
[19] DDLG90 XTTI88
[20]
[21]
[22]
[23]
[24]
[25] DDLG91 MAEM90
[26]
[27]
[28]
[29] DELI90
[30]
[31] EGAL93 FONA91
[32] BOCL90
[33] BRNA91
[34]
[35]
[36]
[37]
[38] LAAR91
[39]
[40] PICL91
[41] ALEM91
[42] FEIN90
[43] SICL91
[44]
[45]
[46] FAIN92
[47] PUNA90 SIEM90
[48] DDAR93 KONA93
[49] FUNA92 XILG90
[50]
[51] CHIN91
[52] BANE88 DENA89 YALG93
[53] TCLI92
[54] KUNA92 MUDK90 SNNA93 XBNA87
[55] AUCL92
[56]
[57] ETCL92
[58] WALI93
[59]
[60] AKAL88
[61]
[62] LADK89
[63]
[64] VAEM95
[65] BULI91 FLFN93
[66] PAMO91 XIAR91 YATI90
[67]
[68] FAMO93
[69] NETI91
[70] JOAR92
[71]
[72] PAMO92
[73] MAEV92 MOAR92
[74] QOLI92 REEM96
[75] SANE89
[76] ERFN93
[77] 14NA90
[78]
[79] LOAL88 MIMO91 NOFN93
[80] LUIN90
[81]
[82]
[83]
[84]
[85]
[86] BUDK88 LILG89
[87]
[88] OHTI93
[89]
[90]
[91]
[92]
[93]
[94]
[95]
[96] XINE89
[97]
[98]
[99]
[100] PPEV91
[101]
[102]
[103]
[104]
[105]
[106] KYTI91
[107]
[108]
[109] MUNE89
[110] FEVI89
[111]
[112]
[113]
[114]
[115]
[116] ZAEV97
[117]
[118]
[119] AREV96
[120]
[121]
[122] TRFN89
[123] MSMO95
[124] SUVI93
[125]
[126] SYVI92
ERRO: Ja existe um registro com a chave primaria: S4AL92.

DENA89
Dendi
Danil Ishutin
30/12/1989
Ucrania
Mid
Pudge
Invoker
Shadow Fiend
Natus Vincere
810

KYTI91
kYxY
Lee Kong Yang
26/05/1991
Malasia
Carry
Invoker
Ember Spirit
Lone Druid
Titan
216

EGAL93
EGM
Jerry Lundkvist
01/01/1993
Suecia
Support
Rubick
Windranger
Io
Alliance
408

OHTI93
Ohaiyo
Chong Xin Khoo
31/03/1993
Malasia
Offlane
Nature's Prophet
Batrider
Elder Titan
Titan
153

S4AL92
s4
Gustav Magnusson
01/01/1992
Suecia
Mid
Magnus
Puck
Templar Assassin
Alliance
245

LOAL88
Loda
Jonathan Berg
19/03/1988
Suecia
Carry
Alchemist
Morphling
Spectre
Alliance
282

ADAL90
AdmiralBulldog
Henrik Ahnberg
19/12/1990
Suecia
Offlane
Nature's Prophet
Lone Druid
Bounty Hunter
Alliance
315

NETI91
Net
Wai Pern Lim
13/10/1991
Malasia
Support
Sand King
Rubick
Vengeful Spirit
Titan
242

AKAL88
Akke
Joakim Akterhall
26/05/1988
Suecia
Support
Chen
Crystal Maiden
Enchantress
Alliance
097

DELI90
DeMoN
Jimmy Ho
08/07/1990
Estados Unidos
Support
Beastmaster
Batrider
Dark Seer
Liquid
112

Registro nao encontrado!

