Campo invalido! Informe novamente.

ERRO: Ja existe um registro com a chave primaria: S4AL92.

Campo invalido! Informe novamente.

Registro LOAL88 inserido com sucesso. Numero de colisoes: 1.

NOFN93
NOtail
Johan Sundstein
08/10/1993
Dinamarca
Support
Meepo
Io
Chen
Fnatic
657

Campo invalido! Informe novamente.

Registro ERFN93 inserido com sucesso. Numero de colisoes: 1.

[0] Livre
[1] Livre
[2] Ocupado: DENA89
[3] Ocupado: AREV96
[4] Ocupado: MUDK90
[5] Ocupado: ERFN93
[6] Ocupado: S4AL92
[7] Ocupado: NOFN93
[8] Ocupado: LOAL88
[9] Livre
[10] Livre
DENA89
Dendi
Danil Ishutin
30/12/1989
Ucrania
Mid
Pudge
Invoker
Shadow Fiend
Natus Vincere
810

Campo invalido! Informe novamente.

AREV96
Arteezy
Artour Babev
01/07/1996
Canada
Mid
Shadow Fiend
Tinker
Outworld Devourer
Evil Geniuses
451

Registro EGAL93 inserido com sucesso. Numero de colisoes: 6.

Registro ADAL90 inserido com sucesso. Numero de colisoes: 2.

Registro AKAL88 inserido com sucesso. Numero de colisoes: 1.

Registro XBNA87 inserido com sucesso. Numero de colisoes: 8.

ERRO: Tabela Hash esta cheia!

[0] Ocupado: AKAL88
[1] Ocupado: XBNA87
[2] Ocupado: DENA89
[3] Ocupado: AREV96
[4] Ocupado: MUDK90
[5] Ocupado: ERFN93
[6] Ocupado: S4AL92
[7] Ocupado: NOFN93
[8] Ocupado: LOAL88
[9] Ocupado: EGAL93
[10] Ocupado: ADAL90
Registro nao encontrado!

ERFN93
Era
Adrian Kryeziu
03/09/1993
Suecia
Carry
Tiny
Lifestealer
Luna
Fnatic
298

Registro nao encontrado!

S4AL92@s4@Gustav Magnusson@01/01/1992@Suecia@Mid@Magnus@Puck@Templar Assassin@Alliance@245@#####################################################################################################*|NA89@Dendi@Danil Ishutin@30/12/1989@Ucrania@Mid@Pudge@Invoker@Shadow Fiend@Natus Vincere@810@#################################################################################################MUDK90@Mushi@Chai Yee Fung@27/11/1990@Malasia@Mid@Shadow Fiend@Queen of Pain@Templar Assassin@DK@492@###########################################################################################NOFN93@NOtail@Johan Sundstein@08/10/1993@Dinamarca@Support@Meepo@Io@Chen@Fnatic@657@############################################################################################################AREV96@Arteezy@Artour Babev@01/07/1996@Canada@Mid@Shadow Fiend@Tinker@Outworld Devourer@Evil Geniuses@451@######################################################################################LOAL88@Loda@Jonathan Berg@19/03/1988@Suecia@Carry@Alchemist@Morphling@Spectre@Alliance@282@#####################################################################################################ERFN93@Era@Adrian Kryeziu@03/09/1993@Suecia@Carry@Tiny@Lifestealer@Luna@Fnatic@298@#############################################################################################################EGAL93@EGM@Jerry Lundkvist@01/01/1993@Suecia@Support@Rubick@Windranger@Io@Alliance@408@#########################################################################################################ADAL90@AdmiralBulldog@Henrik Ahnberg@19/12/1990@Suecia@Offlane@Nature's Prophet@Lone Druid@Bounty Hunter@Alliance@315@##########################################################################AKAL88@Akke@Joakim Akterhall@26/05/1988@Suecia@Support@Chen@Crystal Maiden@Enchantress@Alliance@097@############################################################################################XBNA87@XBOCT@Oleksandr Dashkevych@29/12/1987@Ucrania@Carry@Luna@Weaver@Lifestealer@Natus Vincere@481@###########################################################################################
[0] Ocupado: AKAL88
[1] Ocupado: XBNA87
[2] Removido
[3] Ocupado: AREV96
[4] Ocupado: MUDK90
[5] Ocupado: ERFN93
[6] Ocupado: S4AL92
[7] Ocupado: NOFN93
[8] Ocupado: LOAL88
[9] Ocupado: EGAL93
[10] Ocupado: ADAL90
