[0] Livre
[1] Ocupado: S4AL92
[2] Ocupado: H4FN90
[3] Ocupado: ADAL90
[4] Ocupado: FYVI95
[5] Livre
[6] Livre
[7] Livre
[8] Livre
[9] Ocupado: ROVI88
[10] Ocupado: X!DK89
[11] Ocupado: YYIN87
[12] Livre
[13] Livre
[14] Ocupado: ICDK90
[15] Ocupado: HANE90
[16] Livre
[17] Ocupado: UNEV89
[18] Livre
[19] Ocupado: XTTI88
[20] Ocupado: DDLG90
[21] Livre
[22] Livre
[23] Livre
[24] Livre
[25] Ocupado: MAEM90
[26] Ocupado: DDLG91
[27] Livre
[28] Livre
[29] Ocupado: DELI90
[30] Livre
[31] Ocupado: EGAL93
[32] Ocupado: BOCL90
[33] Ocupado: BRNA91
[34] Ocupado: FONA91
[35] Livre
[36] Livre
[37] Livre
[38] Ocupado: LAAR91
[39] Livre
[40] Ocupado: PICL91
[41] Ocupado: ALEM91
[42] Ocupado: FEIN90
[43] Ocupado: SICL91
[44] Livre
[45] Livre
[46] Ocupado: FAIN92
[47] Ocupado: PUNA90
[48] Ocupado: SIEM90
[49] Ocupado: FUNA92
[50] Ocupado: KONA93
[51] Ocupado: CHIN91
[52] Ocupado: BANE88
[53] Ocupado: DENA89
[54] Ocupado: XBNA87
[55] Ocupado: KUNA92
[56] Ocupado: MUDK90
[57] Ocupado: ETCL92
[58] Ocupado: AUCL92
[59] Ocupado: SNNA93
[60] Ocupado: AKAL88
[61] Ocupado: DDAR93
[62] Ocupado: LADK89
[63] Ocupado: YALG93
[64] Ocupado: VAEM95
[65] Ocupado: FLFN93
[66] Ocupado: YATI90
[67] Ocupado: XIAR91
[68] Ocupado: XILG90
[69] Ocupado: NETI91
[70] Ocupado: JOAR92
[71] Ocupado: FAMO93
[72] Ocupado: PAMO92
[73] Ocupado: MAEV92
[74] Ocupado: REEM96
[75] Ocupado: SANE89
[76] Ocupado: ERFN93
[77] Ocupado: 14NA90
[78] Ocupado: MOAR92
[79] Ocupado: LOAL88
[80] Ocupado: NOFN93
[81] Ocupado: LUIN90
[82] Ocupado: MIMO91
[83] Ocupado: PAMO91
[84] Ocupado: TCLI92
[85] Ocupado: WALI93
[86] Ocupado: BUDK88
[87] Ocupado: LILG89
[88] Ocupado: OHTI93
[89] Ocupado: QOLI92
[90] Ocupado: BULI91
[91] Livre
[92] Livre
[93] Livre
[94] Livre
[95] Livre
[96] Ocupado: XINE89
[97] Livre
[98] Livre
[99] Livre
[100] Ocupado: PPEV91
[101] Livre
[102] Livre
[103] Livre
[104] Livre
[105] Livre
[106] Ocupado: KYTI91
[107] Livre
[108] Livre
[109] Ocupado: MUNE89
[110] Ocupado: FEVI89
[111] Livre
[112] Livre
[113] Livre
[114] Livre
[115] Livre
[116] Ocupado: ZAEV97
[117] Livre
[118] Livre
[119] Ocupado: AREV96
[120] Livre
[121] Livre
[122] Ocupado: TRFN89
[123] Ocupado: MSMO95
[124] Ocupado: SUVI93
[125] Livre
[126] Ocupado: SYVI92
ERRO: Ja existe um registro com a chave primaria: S4AL92.

DENA89
Dendi
Danil Ishutin
30/12/1989
Ucrania
Mid
Pudge
Invoker
Shadow Fiend
Natus Vincere
810

KYTI91
kYxY
Lee Kong Yang
26/05/1991
Malasia
Carry
Invoker
Ember Spirit
Lone Druid
Titan
216

EGAL93
EGM
Jerry Lundkvist
01/01/1993
Suecia
Support
Rubick
Windranger
Io
Alliance
408

OHTI93
Ohaiyo
Chong Xin Khoo
31/03/1993
Malasia
Offlane
Nature's Prophet
Batrider
Elder Titan
Titan
153

S4AL92
s4
Gustav Magnusson
01/01/1992
Suecia
Mid
Magnus
Puck
Templar Assassin
Alliance
245

LOAL88
Loda
Jonathan Berg
19/03/1988
Suecia
Carry
Alchemist
Morphling
Spectre
Alliance
282

ADAL90
AdmiralBulldog
Henrik Ahnberg
19/12/1990
Suecia
Offlane
Nature's Prophet
Lone Druid
Bounty Hunter
Alliance
315

NETI91
Net
Wai Pern Lim
13/10/1991
Malasia
Support
Sand King
Rubick
Vengeful Spirit
Titan
242

AKAL88
Akke
Joakim Akterhall
26/05/1988
Suecia
Support
Chen
Crystal Maiden
Enchantress
Alliance
097

DELI90
DeMoN
Jimmy Ho
08/07/1990
Estados Unidos
Support
Beastmaster
Batrider
Dark Seer
Liquid
112

Registro nao encontrado!

